
> flapper-news@0.0.0 start /home/ubuntu/Lota
> node ./bin/www

[0mGET / [36m304 [0m12.579 ms - -[0m
[0mGET / [36m304 [0m1.885 ms - -[0m
[0mGET /javascripts/angularApp.js [36m304 [0m2.134 ms - -[0m
[0mGET /posts [36m304 [0m6.501 ms - -[0m
[0mGET / [36m304 [0m1.299 ms - -[0m
[0mGET / [36m304 [0m0.881 ms - -[0m
[0mGET /javascripts/angularApp.js [36m304 [0m0.726 ms - -[0m
[0mGET /posts [36m304 [0m1.662 ms - -[0m
[0mGET / [32m200 [0m1.368 ms - 2152[0m
[0mGET /javascripts/angularApp.js [32m200 [0m2.503 ms - 2443[0m
[0mGET /posts [32m200 [0m1.351 ms - 2[0m
[0mGET /favicon.ico [33m404 [0m3.338 ms - 906[0m
[0mPOST /posts [32m200 [0m19.058 ms - 163[0m
[0mGET /posts/54d822371ff6345142c05451 [32m200 [0m5.383 ms - 163[0m
[0mGET / [36m304 [0m1.092 ms - -[0m
[0mGET /javascripts/angularApp.js [36m304 [0m0.530 ms - -[0m
[0mGET /posts [32m200 [0m1.587 ms - 165[0m
[0mGET / [36m304 [0m1.039 ms - -[0m
[0mGET /javascripts/angularApp.js [36m304 [0m0.454 ms - -[0m
[0mGET /posts [36m304 [0m1.535 ms - -[0m
[0mGET /posts/54d822371ff6345142c05451 [32m200 [0m2.691 ms - 163[0m
[0mPOST /posts/54d822371ff6345142c05451/comments [32m200 [0m6.734 ms - 119[0m
[0mPUT /posts/54d822371ff6345142c05451/comments/54d822d41ff6345142c05452/upvote [32m200 [0m4.348 ms - 119[0m
[0mGET /posts [32m200 [0m1.594 ms - 191[0m
[0mPUT /posts/54d822371ff6345142c05451/upvote [32m200 [0m2.592 ms - 189[0m
[0mGET / [32m200 [0m1.097 ms - 2152[0m
[0mGET /robots.txt [33m404 [0m2.516 ms - 906[0m
[0mGET / [32m200 [0m0.964 ms - 2152[0m
[0mGET / [32m200 [0m2.164 ms - 2133[0m
[0mGET /javascripts/angularApp.js [36m304 [0m0.473 ms - -[0m
[0mGET /posts [32m200 [0m1.374 ms - 191[0m
[0mGET /favicon.ico [33m404 [0m1.615 ms - 906[0m
[0mGET /posts/54d822371ff6345142c05451 [32m200 [0m3.729 ms - 282[0m
[0mGET / [36m304 [0m1.272 ms - -[0m
[0mGET /javascripts/angularApp.js [36m304 [0m0.767 ms - -[0m
[0mGET /posts [32m200 [0m1.129 ms - 2[0m
[0mPOST /posts [32m200 [0m2.609 ms - 124[0m
[0mGET /posts/54d858271ff6345142c05453 [32m200 [0m1.655 ms - 124[0m
[0mPOST /posts/54d858271ff6345142c05453/comments [32m200 [0m3.918 ms - 118[0m
[0mPUT /posts/54d858271ff6345142c05453/comments/54d8584a1ff6345142c05454/upvote [32m200 [0m2.765 ms - 118[0m
[0mGET / [36m304 [0m1.179 ms - -[0m
[0mGET /javascripts/angularApp.js [36m304 [0m0.468 ms - -[0m
[0mGET /posts [32m200 [0m1.370 ms - 152[0m
[0mGET / [32m200 [0m1.333 ms - 2098[0m
[0mGET /javascripts/angularApp.js [36m304 [0m0.553 ms - -[0m
[0mGET /posts [36m304 [0m2.568 ms - -[0m
[0mGET /posts/54d858271ff6345142c05453 [32m200 [0m2.747 ms - 242[0m
[0mGET / [32m200 [0m1.518 ms - 2083[0m
[0mGET /javascripts/angularApp.js [36m304 [0m0.509 ms - -[0m
[0mGET /posts/54d858271ff6345142c05453 [36m304 [0m3.389 ms - -[0m
[0mGET / [32m200 [0m7.426 ms - 2083[0m
[0mGET /javascripts/angularApp.js [32m200 [0m1.233 ms - 2443[0m
[0mGET /posts/54d858271ff6345142c05453 [32m200 [0m2.802 ms - 242[0m
[0mGET /favicon.ico [33m404 [0m1.601 ms - 906[0m
[0mHEAD / [32m200 [0m1.554 ms - 2083[0m
[0mGET / [32m200 [0m1.156 ms - 2083[0m
[0mGET /javascripts/angularApp.js [32m200 [0m1.369 ms - 2443[0m
[0mGET /posts [32m200 [0m1.611 ms - 152[0m
[0mGET /favicon.ico [33m404 [0m1.725 ms - 906[0m
[0mGET /posts/54d858271ff6345142c05453 [32m200 [0m3.091 ms - 242[0m
[0mGET /posts [36m304 [0m1.786 ms - -[0m
[0mPUT /posts/54d858271ff6345142c05453/upvote [32m200 [0m2.872 ms - 150[0m
[0mGET /posts/54d858271ff6345142c05453 [32m200 [0m2.866 ms - 242[0m
[0mGET / [32m200 [0m1.485 ms - 2083[0m
[0mGET /javascripts/angularApp.js [32m200 [0m0.845 ms - 2443[0m
[0mGET /posts [32m200 [0m2.728 ms - 152[0m
[0mGET /favicon.ico [33m404 [0m2.282 ms - 906[0m
[0mGET / [32m200 [0m1.317 ms - 2083[0m
[0mGET /javascripts/angularApp.js [32m200 [0m1.066 ms - 2443[0m
[0mGET /posts [32m200 [0m3.774 ms - 152[0m
[0mGET /favicon.ico [33m404 [0m1.728 ms - 906[0m
[0mPOST /posts [32m200 [0m2.355 ms - 132[0m
[0mGET /posts/54d8e20f1ff6345142c05455 [32m200 [0m3.102 ms - 132[0m
[0mGET /posts [32m200 [0m13.672 ms - 285[0m
[0mGET /posts/54d858271ff6345142c05453 [32m200 [0m3.385 ms - 242[0m
[0mGET /posts [36m304 [0m2.302 ms - -[0m
[0mGET /posts/54d858271ff6345142c05453 [32m200 [0m2.924 ms - 242[0m
[0mGET /posts/54d8e20f1ff6345142c05455 [36m304 [0m2.123 ms - -[0m
[0mGET / [36m304 [0m1.464 ms - -[0m
[0mGET /javascripts/angularApp.js [36m304 [0m0.666 ms - -[0m
[0mGET /posts/54d858271ff6345142c05453 [36m304 [0m8.985 ms - -[0m
[0mGET / [36m304 [0m1.166 ms - -[0m
[0mGET /javascripts/angularApp.js [36m304 [0m0.918 ms - -[0m
[0mGET /posts [32m200 [0m1.526 ms - 285[0m
[0mPUT /posts/54d8e20f1ff6345142c05455/upvote [32m200 [0m2.207 ms - 132[0m
[0mPUT /posts/54d8e20f1ff6345142c05455/upvote [32m200 [0m2.060 ms - 132[0m
[0mGET / [36m304 [0m1.256 ms - -[0m
[0mGET /javascripts/angularApp.js [36m304 [0m0.448 ms - -[0m
[0mGET /posts [32m200 [0m1.717 ms - 285[0m
[0mGET /posts/54d8e20f1ff6345142c05455 [32m200 [0m2.073 ms - 132[0m
[0mPOST /posts/54d8e20f1ff6345142c05455/comments [32m200 [0m3.433 ms - 118[0m
[0mPUT /posts/54d8e20f1ff6345142c05455/comments/54d8e2c61ff6345142c05456/upvote [32m200 [0m2.998 ms - 118[0m
[0mPOST /posts/54d8e20f1ff6345142c05455/comments [32m200 [0m3.321 ms - 212[0m
[0mPUT /posts/54d8e20f1ff6345142c05455/comments/54d8e2cf1ff6345142c05457/upvote [32m200 [0m3.304 ms - 212[0m
[0mPUT /posts/54d8e20f1ff6345142c05455/comments/54d8e2cf1ff6345142c05457/upvote [32m200 [0m2.634 ms - 212[0m
[0mPUT /posts/54d8e20f1ff6345142c05455/comments/54d8e2cf1ff6345142c05457/upvote [32m200 [0m2.933 ms - 212[0m
[0mPUT /posts/54d8e20f1ff6345142c05455/comments/54d8e2cf1ff6345142c05457/upvote [32m200 [0m3.150 ms - 212[0m
[0mPUT /posts/54d8e20f1ff6345142c05455/comments/54d8e2cf1ff6345142c05457/upvote [32m200 [0m3.738 ms - 212[0m
[0mPUT /posts/54d8e20f1ff6345142c05455/comments/54d8e2cf1ff6345142c05457/upvote [32m200 [0m3.589 ms - 212[0m
[0mPUT /posts/54d8e20f1ff6345142c05455/comments/54d8e2cf1ff6345142c05457/upvote [32m200 [0m2.966 ms - 212[0m
[0mPUT /posts/54d8e20f1ff6345142c05455/comments/54d8e2cf1ff6345142c05457/upvote [32m200 [0m3.244 ms - 212[0m
[0mPUT /posts/54d8e20f1ff6345142c05455/comments/54d8e2cf1ff6345142c05457/upvote [32m200 [0m1.991 ms - 212[0m
[0mPUT /posts/54d8e20f1ff6345142c05455/comments/54d8e2cf1ff6345142c05457/upvote [32m200 [0m3.671 ms - 213[0m
[0mPUT /posts/54d8e20f1ff6345142c05455/comments/54d8e2cf1ff6345142c05457/upvote [32m200 [0m3.357 ms - 213[0m
[0mPUT /posts/54d8e20f1ff6345142c05455/comments/54d8e2cf1ff6345142c05457/upvote [32m200 [0m3.051 ms - 213[0m
[0mGET / [36m304 [0m1.062 ms - -[0m
[0mGET /javascripts/angularApp.js [36m304 [0m0.538 ms - -[0m
[0mGET /posts/54d8e20f1ff6345142c05455 [32m200 [0m2.177 ms - 464[0m
[0mGET / [36m304 [0m0.925 ms - -[0m
[0mGET /javascripts/angularApp.js [36m304 [0m1.424 ms - -[0m
[0mGET /posts [32m200 [0m1.469 ms - 338[0m
[0mGET /posts/54d8e20f1ff6345142c05455 [36m304 [0m1.991 ms - -[0m
[0mPUT /posts/54d8e20f1ff6345142c05455/comments/54d8e2cf1ff6345142c05457/upvote [32m200 [0m2.836 ms - 213[0m
[0mPUT /posts/54d8e20f1ff6345142c05455/comments/54d8e2cf1ff6345142c05457/upvote [32m200 [0m4.447 ms - 213[0m
[0mPUT /posts/54d8e20f1ff6345142c05455/comments/54d8e2cf1ff6345142c05457/upvote [32m200 [0m4.466 ms - 213[0m
[0mPUT /posts/54d8e20f1ff6345142c05455/comments/54d8e2cf1ff6345142c05457/upvote [32m200 [0m2.611 ms - 213[0m
[0mPUT /posts/54d8e20f1ff6345142c05455/comments/54d8e2cf1ff6345142c05457/upvote [32m200 [0m2.781 ms - 213[0m
[0mPUT /posts/54d8e20f1ff6345142c05455/comments/54d8e2cf1ff6345142c05457/upvote [32m200 [0m3.561 ms - 213[0m
[0mPUT /posts/54d8e20f1ff6345142c05455/comments/54d8e2c61ff6345142c05456/upvote [32m200 [0m3.462 ms - 118[0m
[0mPUT /posts/54d8e20f1ff6345142c05455/comments/54d8e2cf1ff6345142c05457/upvote [32m200 [0m2.174 ms - 213[0m
[0mPUT /posts/54d8e20f1ff6345142c05455/comments/54d8e2c61ff6345142c05456/upvote [32m200 [0m3.122 ms - 118[0m
[0mPUT /posts/54d8e20f1ff6345142c05455/comments/54d8e2cf1ff6345142c05457/upvote [32m200 [0m2.115 ms - 213[0m
[0mPUT /posts/54d8e20f1ff6345142c05455/comments/54d8e2c61ff6345142c05456/upvote [32m200 [0m1.943 ms - 118[0m
[0mPUT /posts/54d8e20f1ff6345142c05455/comments/54d8e2cf1ff6345142c05457/upvote [32m200 [0m2.657 ms - 213[0m
[0mPUT /posts/54d8e20f1ff6345142c05455/comments/54d8e2c61ff6345142c05456/upvote [32m200 [0m3.334 ms - 118[0m
[0mPUT /posts/54d8e20f1ff6345142c05455/comments/54d8e2cf1ff6345142c05457/upvote [32m200 [0m2.177 ms - 213[0m
[0mPUT /posts/54d8e20f1ff6345142c05455/comments/54d8e2c61ff6345142c05456/upvote [32m200 [0m2.936 ms - 118[0m
[0mPUT /posts/54d8e20f1ff6345142c05455/comments/54d8e2cf1ff6345142c05457/upvote [32m200 [0m2.488 ms - 213[0m
[0mPUT /posts/54d8e20f1ff6345142c05455/comments/54d8e2c61ff6345142c05456/upvote [32m200 [0m1.872 ms - 118[0m
[0mPUT /posts/54d8e20f1ff6345142c05455/comments/54d8e2c61ff6345142c05456/upvote [32m200 [0m2.331 ms - 118[0m
[0mPUT /posts/54d8e20f1ff6345142c05455/comments/54d8e2c61ff6345142c05456/upvote [32m200 [0m3.559 ms - 118[0m
[0mPUT /posts/54d8e20f1ff6345142c05455/comments/54d8e2cf1ff6345142c05457/upvote [32m200 [0m5.246 ms - 213[0m
[0mPUT /posts/54d8e20f1ff6345142c05455/comments/54d8e2c61ff6345142c05456/upvote [32m200 [0m2.107 ms - 119[0m
[0mPUT /posts/54d8e20f1ff6345142c05455/comments/54d8e2cf1ff6345142c05457/upvote [32m200 [0m2.065 ms - 213[0m
[0mPUT /posts/54d8e20f1ff6345142c05455/comments/54d8e2c61ff6345142c05456/upvote [32m200 [0m2.194 ms - 119[0m
[0mPUT /posts/54d8e20f1ff6345142c05455/comments/54d8e2cf1ff6345142c05457/upvote [32m200 [0m6.935 ms - 213[0m
[0mPUT /posts/54d8e20f1ff6345142c05455/comments/54d8e2c61ff6345142c05456/upvote [32m200 [0m20.109 ms - 119[0m
[0mPUT /posts/54d8e20f1ff6345142c05455/comments/54d8e2cf1ff6345142c05457/upvote [32m200 [0m2.656 ms - 213[0m
[0mPUT /posts/54d8e20f1ff6345142c05455/comments/54d8e2cf1ff6345142c05457/upvote [32m200 [0m4.760 ms - 213[0m
[0mPUT /posts/54d8e20f1ff6345142c05455/comments/54d8e2cf1ff6345142c05457/upvote [32m200 [0m2.187 ms - 213[0m
[0mPUT /posts/54d8e20f1ff6345142c05455/comments/54d8e2cf1ff6345142c05457/upvote [32m200 [0m2.188 ms - 213[0m
[0mPUT /posts/54d8e20f1ff6345142c05455/comments/54d8e2cf1ff6345142c05457/upvote [32m200 [0m2.546 ms - 213[0m
[0mPUT /posts/54d8e20f1ff6345142c05455/comments/54d8e2cf1ff6345142c05457/upvote [32m200 [0m2.198 ms - 213[0m
[0mPUT /posts/54d8e20f1ff6345142c05455/comments/54d8e2cf1ff6345142c05457/upvote [32m200 [0m2.498 ms - 213[0m
[0mPUT /posts/54d8e20f1ff6345142c05455/comments/54d8e2cf1ff6345142c05457/upvote [32m200 [0m2.807 ms - 213[0m
[0mPUT /posts/54d8e20f1ff6345142c05455/comments/54d8e2cf1ff6345142c05457/upvote [32m200 [0m8.725 ms - 213[0m
[0mPUT /posts/54d8e20f1ff6345142c05455/comments/54d8e2cf1ff6345142c05457/upvote [32m200 [0m2.451 ms - 213[0m
[0mPUT /posts/54d8e20f1ff6345142c05455/comments/54d8e2cf1ff6345142c05457/upvote [32m200 [0m2.762 ms - 213[0m
[0mPUT /posts/54d8e20f1ff6345142c05455/comments/54d8e2cf1ff6345142c05457/upvote [32m200 [0m2.687 ms - 213[0m
[0mPUT /posts/54d8e20f1ff6345142c05455/comments/54d8e2cf1ff6345142c05457/upvote [32m200 [0m4.147 ms - 213[0m
[0mPUT /posts/54d8e20f1ff6345142c05455/comments/54d8e2cf1ff6345142c05457/upvote [32m200 [0m4.831 ms - 213[0m
[0mPUT /posts/54d8e20f1ff6345142c05455/comments/54d8e2cf1ff6345142c05457/upvote [32m200 [0m2.847 ms - 213[0m
[0mPUT /posts/54d8e20f1ff6345142c05455/comments/54d8e2cf1ff6345142c05457/upvote [32m200 [0m2.441 ms - 213[0m
[0mPUT /posts/54d8e20f1ff6345142c05455/comments/54d8e2cf1ff6345142c05457/upvote [32m200 [0m2.658 ms - 213[0m
[0mPUT /posts/54d8e20f1ff6345142c05455/comments/54d8e2cf1ff6345142c05457/upvote [32m200 [0m2.457 ms - 213[0m
[0mPUT /posts/54d8e20f1ff6345142c05455/comments/54d8e2cf1ff6345142c05457/upvote [32m200 [0m2.414 ms - 213[0m
[0mPUT /posts/54d8e20f1ff6345142c05455/comments/54d8e2c61ff6345142c05456/upvote [32m200 [0m2.387 ms - 119[0m
[0mPUT /posts/54d8e20f1ff6345142c05455/comments/54d8e2cf1ff6345142c05457/upvote [32m200 [0m2.135 ms - 213[0m
[0mPUT /posts/54d8e20f1ff6345142c05455/comments/54d8e2c61ff6345142c05456/upvote [32m200 [0m1.776 ms - 119[0m
[0mPUT /posts/54d8e20f1ff6345142c05455/comments/54d8e2cf1ff6345142c05457/upvote [32m200 [0m2.198 ms - 213[0m
[0mPUT /posts/54d8e20f1ff6345142c05455/comments/54d8e2c61ff6345142c05456/upvote [32m200 [0m1.956 ms - 119[0m
[0mPUT /posts/54d8e20f1ff6345142c05455/comments/54d8e2c61ff6345142c05456/upvote [32m200 [0m2.514 ms - 119[0m
[0mPUT /posts/54d8e20f1ff6345142c05455/comments/54d8e2c61ff6345142c05456/upvote [32m200 [0m3.244 ms - 119[0m
[0mPUT /posts/54d8e20f1ff6345142c05455/comments/54d8e2cf1ff6345142c05457/upvote [32m200 [0m2.591 ms - 213[0m
[0mPUT /posts/54d8e20f1ff6345142c05455/comments/54d8e2c61ff6345142c05456/upvote [32m200 [0m3.016 ms - 119[0m
[0mPUT /posts/54d8e20f1ff6345142c05455/comments/54d8e2cf1ff6345142c05457/upvote [32m200 [0m2.380 ms - 213[0m
[0mPUT /posts/54d8e20f1ff6345142c05455/comments/54d8e2cf1ff6345142c05457/upvote [32m200 [0m2.281 ms - 213[0m
[0mGET / [36m304 [0m1.279 ms - -[0m
[0mGET /javascripts/angularApp.js [36m304 [0m0.625 ms - -[0m
[0mGET /posts/54d8e20f1ff6345142c05455 [32m200 [0m4.118 ms - 465[0m
[0mPUT /posts/54d8e20f1ff6345142c05455/comments/54d8e2c61ff6345142c05456/upvote [32m200 [0m2.333 ms - 119[0m
[0mPUT /posts/54d8e20f1ff6345142c05455/comments/54d8e2c61ff6345142c05456/upvote [32m200 [0m2.233 ms - 119[0m
[0mPUT /posts/54d8e20f1ff6345142c05455/comments/54d8e2cf1ff6345142c05457/upvote [32m200 [0m2.258 ms - 213[0m
[0mPUT /posts/54d8e20f1ff6345142c05455/comments/54d8e2cf1ff6345142c05457/upvote [32m200 [0m2.381 ms - 213[0m
[0mPUT /posts/54d8e20f1ff6345142c05455/comments/54d8e2cf1ff6345142c05457/upvote [32m200 [0m2.691 ms - 213[0m
[0mPUT /posts/54d8e20f1ff6345142c05455/comments/54d8e2cf1ff6345142c05457/upvote [32m200 [0m2.624 ms - 213[0m
[0mPUT /posts/54d8e20f1ff6345142c05455/comments/54d8e2cf1ff6345142c05457/upvote [32m200 [0m3.209 ms - 213[0m
[0mPUT /posts/54d8e20f1ff6345142c05455/comments/54d8e2cf1ff6345142c05457/upvote [32m200 [0m2.739 ms - 213[0m
[0mPUT /posts/54d8e20f1ff6345142c05455/comments/54d8e2cf1ff6345142c05457/upvote [32m200 [0m2.276 ms - 213[0m
[0mPUT /posts/54d8e20f1ff6345142c05455/comments/54d8e2cf1ff6345142c05457/upvote [32m200 [0m2.854 ms - 213[0m
[0mPUT /posts/54d8e20f1ff6345142c05455/comments/54d8e2cf1ff6345142c05457/upvote [32m200 [0m2.083 ms - 213[0m
[0mPUT /posts/54d8e20f1ff6345142c05455/comments/54d8e2cf1ff6345142c05457/upvote [32m200 [0m1.880 ms - 213[0m
[0mPUT /posts/54d8e20f1ff6345142c05455/comments/54d8e2cf1ff6345142c05457/upvote [32m200 [0m3.596 ms - 213[0m
[0mPUT /posts/54d8e20f1ff6345142c05455/comments/54d8e2cf1ff6345142c05457/upvote [32m200 [0m2.129 ms - 213[0m
[0mPUT /posts/54d8e20f1ff6345142c05455/comments/54d8e2cf1ff6345142c05457/upvote [32m200 [0m2.940 ms - 213[0m
[0mPUT /posts/54d8e20f1ff6345142c05455/comments/54d8e2cf1ff6345142c05457/upvote [32m200 [0m2.250 ms - 213[0m
[0mPUT /posts/54d8e20f1ff6345142c05455/comments/54d8e2cf1ff6345142c05457/upvote [32m200 [0m2.643 ms - 213[0m
[0mPUT /posts/54d8e20f1ff6345142c05455/comments/54d8e2cf1ff6345142c05457/upvote [32m200 [0m2.858 ms - 213[0m
[0mPUT /posts/54d8e20f1ff6345142c05455/comments/54d8e2cf1ff6345142c05457/upvote [32m200 [0m3.186 ms - 213[0m
[0mPUT /posts/54d8e20f1ff6345142c05455/comments/54d8e2cf1ff6345142c05457/upvote [32m200 [0m2.483 ms - 213[0m
[0mPUT /posts/54d8e20f1ff6345142c05455/comments/54d8e2cf1ff6345142c05457/upvote [32m200 [0m2.537 ms - 213[0m
[0mPUT /posts/54d8e20f1ff6345142c05455/comments/54d8e2cf1ff6345142c05457/upvote [32m200 [0m2.429 ms - 213[0m
[0mPUT /posts/54d8e20f1ff6345142c05455/comments/54d8e2cf1ff6345142c05457/upvote [32m200 [0m2.642 ms - 213[0m
[0mPUT /posts/54d8e20f1ff6345142c05455/comments/54d8e2cf1ff6345142c05457/upvote [32m200 [0m2.519 ms - 213[0m
[0mPUT /posts/54d8e20f1ff6345142c05455/comments/54d8e2cf1ff6345142c05457/upvote [32m200 [0m2.543 ms - 213[0m
[0mPUT /posts/54d8e20f1ff6345142c05455/comments/54d8e2cf1ff6345142c05457/upvote [32m200 [0m2.789 ms - 213[0m
[0mPUT /posts/54d8e20f1ff6345142c05455/comments/54d8e2cf1ff6345142c05457/upvote [32m200 [0m3.371 ms - 213[0m
[0mPUT /posts/54d8e20f1ff6345142c05455/comments/54d8e2cf1ff6345142c05457/upvote [32m200 [0m2.433 ms - 213[0m
[0mPUT /posts/54d8e20f1ff6345142c05455/comments/54d8e2cf1ff6345142c05457/upvote [32m200 [0m2.207 ms - 213[0m
[0mPUT /posts/54d8e20f1ff6345142c05455/comments/54d8e2cf1ff6345142c05457/upvote [32m200 [0m2.198 ms - 213[0m
[0mPUT /posts/54d8e20f1ff6345142c05455/comments/54d8e2cf1ff6345142c05457/upvote [32m200 [0m2.506 ms - 213[0m
[0mPUT /posts/54d8e20f1ff6345142c05455/comments/54d8e2cf1ff6345142c05457/upvote [32m200 [0m2.431 ms - 213[0m
[0mPUT /posts/54d8e20f1ff6345142c05455/comments/54d8e2cf1ff6345142c05457/upvote [32m200 [0m2.803 ms - 213[0m
[0mPUT /posts/54d8e20f1ff6345142c05455/comments/54d8e2cf1ff6345142c05457/upvote [32m200 [0m2.314 ms - 213[0m
[0mPUT /posts/54d8e20f1ff6345142c05455/comments/54d8e2cf1ff6345142c05457/upvote [32m200 [0m2.322 ms - 213[0m
[0mPUT /posts/54d8e20f1ff6345142c05455/comments/54d8e2cf1ff6345142c05457/upvote [32m200 [0m2.979 ms - 213[0m
[0mPUT /posts/54d8e20f1ff6345142c05455/comments/54d8e2cf1ff6345142c05457/upvote [32m200 [0m4.020 ms - 213[0m
[0mPUT /posts/54d8e20f1ff6345142c05455/comments/54d8e2cf1ff6345142c05457/upvote [32m200 [0m3.240 ms - 213[0m
[0mPUT /posts/54d8e20f1ff6345142c05455/comments/54d8e2cf1ff6345142c05457/upvote [32m200 [0m3.585 ms - 213[0m
[0mPUT /posts/54d8e20f1ff6345142c05455/comments/54d8e2cf1ff6345142c05457/upvote [32m200 [0m3.299 ms - 213[0m
[0mPUT /posts/54d8e20f1ff6345142c05455/comments/54d8e2cf1ff6345142c05457/upvote [32m200 [0m2.978 ms - 213[0m
[0mPUT /posts/54d8e20f1ff6345142c05455/comments/54d8e2cf1ff6345142c05457/upvote [32m200 [0m3.505 ms - 213[0m
[0mPUT /posts/54d8e20f1ff6345142c05455/comments/54d8e2cf1ff6345142c05457/upvote [32m200 [0m2.917 ms - 213[0m
[0mPUT /posts/54d8e20f1ff6345142c05455/comments/54d8e2cf1ff6345142c05457/upvote [32m200 [0m3.497 ms - 213[0m
[0mPUT /posts/54d8e20f1ff6345142c05455/comments/54d8e2cf1ff6345142c05457/upvote [32m200 [0m3.351 ms - 213[0m
[0mPUT /posts/54d8e20f1ff6345142c05455/comments/54d8e2cf1ff6345142c05457/upvote [32m200 [0m3.243 ms - 213[0m
[0mPUT /posts/54d8e20f1ff6345142c05455/comments/54d8e2cf1ff6345142c05457/upvote [32m200 [0m4.642 ms - 213[0m
[0mPUT /posts/54d8e20f1ff6345142c05455/comments/54d8e2cf1ff6345142c05457/upvote [32m200 [0m3.387 ms - 213[0m
[0mPUT /posts/54d8e20f1ff6345142c05455/comments/54d8e2cf1ff6345142c05457/upvote [32m200 [0m2.978 ms - 213[0m
[0mPUT /posts/54d8e20f1ff6345142c05455/comments/54d8e2cf1ff6345142c05457/upvote [32m200 [0m3.170 ms - 213[0m
[0mPUT /posts/54d8e20f1ff6345142c05455/comments/54d8e2cf1ff6345142c05457/upvote [32m200 [0m3.111 ms - 213[0m
[0mPUT /posts/54d8e20f1ff6345142c05455/comments/54d8e2cf1ff6345142c05457/upvote [32m200 [0m3.025 ms - 214[0m
[0mPUT /posts/54d8e20f1ff6345142c05455/comments/54d8e2cf1ff6345142c05457/upvote [32m200 [0m3.448 ms - 214[0m
[0mGET / [36m304 [0m1.392 ms - -[0m
[0mGET /javascripts/angularApp.js [36m304 [0m0.585 ms - -[0m
[0mGET /posts/54d8e20f1ff6345142c05455 [32m200 [0m3.191 ms - 466[0m
[0mGET /posts [32m200 [0m1.998 ms - 338[0m
[0mGET /posts/54d8e20f1ff6345142c05455 [36m304 [0m2.975 ms - -[0m
[0mGET /posts [36m304 [0m1.912 ms - -[0m
[0mGET / [36m304 [0m1.411 ms - -[0m
[0mGET /javascripts/angularApp.js [36m304 [0m0.585 ms - -[0m
[0mGET /posts [36m304 [0m2.261 ms - -[0m
[0mGET /favicon.ico [33m404 [0m2.039 ms - 906[0m
[0mGET http://24x7-allrequestsallowed.com/?PHPSESSID=ce7742cf00143TPMTH_FYCEQ [32m200 [0m1.394 ms - 2083[0m
[0mGET / [36m304 [0m1.029 ms - -[0m
[0mGET /javascripts/angularApp.js [36m304 [0m0.531 ms - -[0m
[0mGET /posts [32m200 [0m2.196 ms - 338[0m
[0mGET /favicon.ico [33m404 [0m1.873 ms - 906[0m
[0mGET /posts/54d8e20f1ff6345142c05455 [32m200 [0m3.370 ms - 466[0m
[0mGET /posts [36m304 [0m2.238 ms - -[0m
[0mGET /posts/54d8e20f1ff6345142c05455 [36m304 [0m2.802 ms - -[0m
[0mGET /recordings/index.php [33m404 [0m1.748 ms - 906[0m
[0mGET /muieblackcat [33m404 [0m15.297 ms - 906[0m
[0mGET //phpMyAdmin/scripts/setup.php [33m404 [0m1.458 ms - 906[0m
[0mGET //phpmyadmin/scripts/setup.php [33m404 [0m1.245 ms - 906[0m
[0mGET //pma/scripts/setup.php [33m404 [0m1.661 ms - 906[0m
[0mGET //myadmin/scripts/setup.php [33m404 [0m1.352 ms - 906[0m
[0mGET //MyAdmin/scripts/setup.php [33m404 [0m1.203 ms - 906[0m
[0mGET /tmUnblock.cgi [33m404 [0m1.582 ms - 906[0m
[0mGET /muieblackcat [33m404 [0m1.175 ms - 906[0m
[0mGET //phpMyAdmin/scripts/setup.php [33m404 [0m1.624 ms - 906[0m
[0mGET //phpmyadmin/scripts/setup.php [33m404 [0m1.131 ms - 906[0m
[0mGET //pma/scripts/setup.php [33m404 [0m1.129 ms - 906[0m
[0mGET //myadmin/scripts/setup.php [33m404 [0m1.084 ms - 906[0m
[0mGET //MyAdmin/scripts/setup.php [33m404 [0m1.156 ms - 906[0m
